{
  "RSpec": {
    "coverage": {
      "/Users/joshglasson/projects/oyster-card/spec/journey_log_spec.rb": [
        1,
        null,
        1,
        null,
        null
      ],
      "/Users/joshglasson/projects/oyster-card/lib/journey_log.rb": [
        1,
        null,
        null
      ],
      "/Users/joshglasson/projects/oyster-card/spec/journey_spec.rb": [
        1,
        null,
        1,
        1,
        null,
        1,
        1,
        null,
        null,
        1,
        1,
        1,
        1,
        1,
        null,
        null,
        1,
        1,
        1,
        1,
        null,
        null,
        1,
        1,
        1,
        1,
        1,
        null,
        null,
        1,
        1,
        1,
        1,
        1,
        null,
        null,
        1,
        1,
        1,
        1,
        null,
        null,
        1,
        1,
        1,
        1,
        1,
        null,
        null,
        1,
        1,
        1,
        1,
        1,
        null,
        null,
        null,
        null
      ],
      "/Users/joshglasson/projects/oyster-card/lib/journey.rb": [
        1,
        null,
        1,
        1,
        1,
        null,
        1,
        14,
        14,
        14,
        14,
        14,
        null,
        null,
        1,
        7,
        null,
        null,
        1,
        7,
        7,
        7,
        7,
        null,
        null,
        1,
        3,
        2,
        null,
        1,
        null,
        null,
        null,
        1,
        6,
        3,
        3,
        null,
        null,
        1,
        8,
        4,
        null,
        4,
        null,
        null,
        null,
        null,
        null
      ],
      "/Users/joshglasson/projects/oyster-card/spec/oystercard_spec.rb": [
        1,
        null,
        1,
        4,
        1,
        null,
        1,
        1,
        1,
        null,
        null,
        1,
        1,
        1,
        null,
        null,
        1,
        1,
        2,
        null,
        null,
        1,
        1,
        1,
        null,
        null,
        1,
        2,
        null,
        null,
        null,
        1,
        null,
        1,
        4,
        null,
        null,
        null,
        null
      ],
      "/Users/joshglasson/projects/oyster-card/lib/oystercard.rb": [
        null,
        1,
        null,
        1,
        1,
        1,
        null,
        1,
        9,
        9,
        null,
        null,
        1,
        5,
        null,
        null,
        1,
        3,
        2,
        null,
        null,
        1,
        3,
        3,
        null,
        null,
        1,
        null,
        1,
        5,
        null,
        null,
        1,
        3,
        null,
        null,
        1,
        3,
        null,
        null,
        null
      ],
      "/Users/joshglasson/projects/oyster-card/spec/station_spec.rb": [
        1,
        null,
        1,
        null,
        1,
        null,
        1,
        1,
        1,
        null,
        null,
        1,
        1,
        1,
        null,
        null,
        null
      ],
      "/Users/joshglasson/projects/oyster-card/lib/station.rb": [
        null,
        1,
        1,
        null,
        1,
        2,
        null,
        2,
        null,
        null,
        null,
        null,
        null,
        null,
        null,
        null,
        null,
        null,
        null,
        null,
        null,
        null,
        null,
        null,
        null,
        null,
        null,
        null,
        null,
        null,
        null,
        null,
        null,
        null,
        null,
        null,
        null,
        null,
        null,
        null,
        null,
        null,
        null,
        null,
        null,
        null,
        null,
        null,
        null,
        2,
        82,
        2,
        null,
        null,
        null,
        null,
        null
      ]
    },
    "timestamp": 1553707614
  }
}
